2025-05-11 01:12:22 info: Congratulations, your extension "Embold" is now active!
2025-05-11 01:12:22 info: ************* init ****************
2025-05-11 01:12:22 info: tempDirectory : c:\Users\Keshav Mandal\.cursor\extensions\embold-vscode.embold-0.3.0\temp
2025-05-11 01:12:25 info: Extraction complete for source: c:\Users\Keshav Mandal\.cursor\extensions\embold-vscode.embold-0.3.0\resources\embold-scanner-archive.zip, destination: c:\Users\Keshav Mandal\.cursor\extensions\embold-vscode.embold-0.3.0\temp
2025-05-11 01:12:25 info: Extension installed on machine OS : win32
2025-05-11 01:12:25 info: Fetched the issues from DB
2025-05-11 01:12:25 info: Java version installed on machine : 
openjdk version "21.0.6" 2025-01-21 LTS
OpenJDK Runtime Environment Temurin-21.0.6+7 (build 21.0.6+7-LTS)
OpenJDK 64-Bit Server VM Temurin-21.0.6+7 (build 21.0.6+7-LTS, mixed mode, sharing)

2025-05-11 01:12:25 info: Java installed on machine.
2025-05-11 01:12:29 info: Embold extension version response:{"hasSupport":false,"version":"0.2.1","changeNotes":"<div> <p>Release Date: 30 Apr, 2025 <br><span>Bug fixes and improvements.</span></p> </div>"}
2025-05-11 01:12:29 info: Current installed embold extension version : 0.3.0
2025-05-11 01:12:29 info: Latest embold extension version on marketplace : 0.2.1
2025-05-11 01:12:29 info: Current extension version: 0.3.0
2025-05-11 01:12:29 info: Stored extension version: 0.3.0
2025-05-11 01:12:29 info: No new installation or upgrade detected. Skipping plugin activation tracking.
2025-05-11 11:17:40 info: Congratulations, your extension "Embold" is now active!
2025-05-11 11:17:40 info: ************* init ****************
2025-05-11 11:17:40 info: tempDirectory : c:\Users\Keshav Mandal\.cursor\extensions\embold-vscode.embold-0.3.0\temp
2025-05-11 11:17:56 info: Extraction complete for source: c:\Users\Keshav Mandal\.cursor\extensions\embold-vscode.embold-0.3.0\resources\embold-scanner-archive.zip, destination: c:\Users\Keshav Mandal\.cursor\extensions\embold-vscode.embold-0.3.0\temp
2025-05-11 11:17:56 info: Extension installed on machine OS : win32
2025-05-11 11:17:56 info: Fetched the issues from DB
2025-05-11 11:17:56 info: Java version installed on machine : 
openjdk version "21.0.6" 2025-01-21 LTS
OpenJDK Runtime Environment Temurin-21.0.6+7 (build 21.0.6+7-LTS)
OpenJDK 64-Bit Server VM Temurin-21.0.6+7 (build 21.0.6+7-LTS, mixed mode, sharing)

2025-05-11 11:17:56 info: Java installed on machine.
2025-05-11 11:17:56 info: Embold extension version response:{"hasSupport":false,"version":"0.2.1","changeNotes":"<div> <p>Release Date: 30 Apr, 2025 <br><span>Bug fixes and improvements.</span></p> </div>"}
2025-05-11 11:17:56 info: Current installed embold extension version : 0.3.0
2025-05-11 11:17:56 info: Latest embold extension version on marketplace : 0.2.1
2025-05-11 11:17:56 info: Current extension version: 0.3.0
2025-05-11 11:17:56 info: Stored extension version: 0.3.0
2025-05-11 11:17:56 info: No new installation or upgrade detected. Skipping plugin activation tracking.
